<?xml version="1.0" encoding="UTF-8"?>
<testng-results ignored="0" total="2" passed="2" failed="0" skipped="0">
  <reporter-output>
  </reporter-output>
  <suite started-at="2025-08-21T22:20:04 IST" name="Surefire suite" finished-at="2025-08-21T22:20:23 IST" duration-ms="18216">
    <groups>
    </groups>
    <test started-at="2025-08-21T22:20:04 IST" name="Surefire test" finished-at="2025-08-21T22:20:23 IST" duration-ms="18216">
      <class name="runner.Test2">
        <test-method is-config="true" signature="beforeclassmethod()[pri:0, instance:runner.Test2@4461c7e3]" started-at="2025-08-21T22:20:16 IST" name="beforeclassmethod" finished-at="2025-08-21T22:20:22 IST" duration-ms="5973" status="PASS">
          <reporter-output>
          </reporter-output>
        </test-method> <!-- beforeclassmethod -->
        <test-method signature="testMethod()[pri:0, instance:runner.Test2@4461c7e3]" started-at="2025-08-21T22:20:22 IST" name="testMethod" finished-at="2025-08-21T22:20:23 IST" duration-ms="123" status="PASS">
          <reporter-output>
          </reporter-output>
        </test-method> <!-- testMethod -->
        <test-method is-config="true" signature="aftermethod()[pri:0, instance:runner.Test2@4461c7e3]" started-at="2025-08-21T22:20:23 IST" name="aftermethod" finished-at="2025-08-21T22:20:23 IST" duration-ms="72" status="PASS">
          <reporter-output>
          </reporter-output>
        </test-method> <!-- aftermethod -->
      </class> <!-- runner.Test2 -->
      <class name="runner.NewTest">
        <test-method is-config="true" signature="beforeclassmethod()[pri:0, instance:runner.NewTest@345965f2]" started-at="2025-08-21T22:20:04 IST" name="beforeclassmethod" finished-at="2025-08-21T22:20:09 IST" duration-ms="5102" status="PASS">
          <reporter-output>
          </reporter-output>
        </test-method> <!-- beforeclassmethod -->
        <test-method signature="test1()[pri:0, instance:runner.NewTest@345965f2]" started-at="2025-08-21T22:20:10 IST" name="test1" finished-at="2025-08-21T22:20:10 IST" duration-ms="902" status="PASS">
          <reporter-output>
          </reporter-output>
        </test-method> <!-- test1 -->
        <test-method is-config="true" signature="afterclassmethod()[pri:0, instance:runner.NewTest@345965f2]" started-at="2025-08-21T22:20:10 IST" name="afterclassmethod" finished-at="2025-08-21T22:20:16 IST" duration-ms="6010" status="PASS">
          <reporter-output>
          </reporter-output>
        </test-method> <!-- afterclassmethod -->
      </class> <!-- runner.NewTest -->
    </test> <!-- Surefire test -->
  </suite> <!-- Surefire suite -->
</testng-results>
